e:\projects\spaceshifter\source\spaceshift\debug\glutils.obj
e:\projects\spaceshifter\source\spaceshift\debug\ship.obj
e:\projects\spaceshifter\source\spaceshift\debug\cursormodel.obj
e:\projects\spaceshifter\source\spaceshift\debug\pointcollider.obj
e:\projects\spaceshifter\source\spaceshift\debug\collisionmanager.obj
e:\projects\spaceshifter\source\spaceshift\debug\shipmodel.obj
e:\projects\spaceshifter\source\spaceshift\debug\texturemanager.obj
e:\projects\spaceshifter\source\spaceshift\debug\cameramanager.obj
e:\projects\spaceshifter\source\spaceshift\debug\projectilemodel.obj
e:\projects\spaceshifter\source\spaceshift\debug\autonomyshipmodule.obj
e:\projects\spaceshifter\source\spaceshift\debug\stagemanager.obj
e:\projects\spaceshifter\source\spaceshift\debug\devouringsingularity.obj
e:\projects\spaceshifter\source\spaceshift\debug\shader.obj
e:\projects\spaceshifter\source\spaceshift\debug\main.obj
e:\projects\spaceshifter\source\spaceshift\debug\abstractcollider.obj
e:\projects\spaceshifter\source\spaceshift\debug\rendermanager.obj
e:\projects\spaceshifter\source\spaceshift\debug\devouringsingularitymodel.obj
e:\projects\spaceshifter\source\spaceshift\debug\polycollider.obj
e:\projects\spaceshifter\source\spaceshift\debug\shadermanager.obj
e:\projects\spaceshifter\source\spaceshift\debug\spacephysics.obj
e:\projects\spaceshifter\source\spaceshift\debug\projectile.obj
e:\projects\spaceshifter\source\spaceshift\debug\textmanager.obj
e:\projects\spaceshifter\source\spaceshift\debug\mathutils.obj
e:\projects\spaceshifter\source\spaceshift\debug\interfacebuilder.obj
e:\projects\spaceshifter\source\spaceshift\debug\collidermodel.obj
e:\projects\spaceshifter\source\spaceshift\debug\globalvars.obj
e:\projects\spaceshifter\source\spaceshift\debug\objectloader.obj
e:\projects\spaceshifter\source\spaceshift\debug\inputmanager.obj
e:\projects\spaceshifter\source\spaceshift\debug\particlegenerator.obj
e:\projects\spaceshifter\source\spaceshift\debug\entity.obj
e:\projects\spaceshifter\source\spaceshift\debug\interfacemanager.obj
e:\projects\spaceshifter\source\spaceshift\debug\force.obj
e:\projects\spaceshifter\source\spaceshift\debug\shipbuilder.obj
e:\projects\spaceshifter\source\spaceshift\debug\updatemanager.obj
e:\projects\spaceshifter\source\spaceshift\debug\particle.obj
e:\projects\spaceshifter\source\spaceshift\debug\vc143.pdb
e:\projects\spaceshifter\bin\trabalho1cga.exe
e:\projects\spaceshifter\bin\trabalho1cga.pdb
e:\projects\spaceshifter\source\spaceshift\debug\trabalho1cga.ilk
e:\projects\spaceshifter\source\spaceshift\\debug\spaceshift.vcxproj.filelistabsolute.txt
e:\projects\spaceshifter\source\spaceshift\debug\trabalho1cga.tlog\cl.command.1.tlog
e:\projects\spaceshifter\source\spaceshift\debug\trabalho1cga.tlog\cl.items.tlog
e:\projects\spaceshifter\source\spaceshift\debug\trabalho1cga.tlog\cl.read.1.tlog
e:\projects\spaceshifter\source\spaceshift\debug\trabalho1cga.tlog\cl.write.1.tlog
e:\projects\spaceshifter\source\spaceshift\debug\trabalho1cga.tlog\link.command.1.tlog
e:\projects\spaceshifter\source\spaceshift\debug\trabalho1cga.tlog\link.read.1.tlog
e:\projects\spaceshifter\source\spaceshift\debug\trabalho1cga.tlog\link.secondary.1.tlog
e:\projects\spaceshifter\source\spaceshift\debug\trabalho1cga.tlog\link.write.1.tlog
